<?xml version="1.0" encoding="UTF-8"?>
<!-- Generated by org.testng.reporters.JUnitXMLReporter -->
<testsuite ignored="0" hostname="DESKTOP-FIK5SPH" failures="1" tests="4" name="Test" time="0.093" errors="0" timestamp="2022-12-14T12:58:59 IST">
  <testcase classname="com.maven.IRetry_Analyser" name="password" time="0.011">
    <skipped/>
  </testcase> <!-- password -->
  <testcase classname="com.maven.IRetry_Analyser" name="password" time="0.003">
    <skipped/>
  </testcase> <!-- password -->
  <testcase classname="com.maven.IRetry_Analyser" name="password" time="0.002">
    <failure type="java.lang.AssertionError" message="expected [muthu] but found [Priya]">
      <![CDATA[java.lang.AssertionError: expected [muthu] but found [Priya]
at com.maven.IRetry_Analyser.password(IRetry_Analyser.java:21)
at java.base/java.util.ArrayList.forEach(ArrayList.java:1511)
... Removed 33 stack frames]]>
    </failure>
  </testcase> <!-- password -->
  <testcase classname="com.maven.IRetry_Analyser" name="username" time="0.007"/>
</testsuite> <!-- Test -->
